<?xml version="1.0" encoding="UTF-8"?>
<testng-results ignored="0" total="1" passed="1" failed="0" skipped="0">
  <reporter-output>
  </reporter-output>
  <suite started-at="2018-06-19T06:29:48Z" name="Default suite" finished-at="2018-06-19T06:30:08Z" duration-ms="20137">
    <groups>
    </groups>
    <test started-at="2018-06-19T06:29:48Z" name="Default test" finished-at="2018-06-19T06:30:08Z" duration-ms="20137">
      <class name="LoginTest">
        <test-method is-config="true" signature="setUp()[pri:0, instance:LoginTest@574b560f]" started-at="2018-06-19T06:29:48Z" name="setUp" finished-at="2018-06-19T06:30:05Z" duration-ms="17179" status="PASS">
          <reporter-output>
          </reporter-output>
        </test-method> <!-- setUp -->
        <test-method signature="test()[pri:0, instance:LoginTest@574b560f]" started-at="2018-06-19T06:30:05Z" name="test" finished-at="2018-06-19T06:30:07Z" duration-ms="1893" status="PASS">
          <reporter-output>
          </reporter-output>
        </test-method> <!-- test -->
        <test-method is-config="true" signature="tearDown()[pri:0, instance:LoginTest@574b560f]" started-at="2018-06-19T06:30:07Z" name="tearDown" finished-at="2018-06-19T06:30:08Z" duration-ms="953" status="PASS">
          <reporter-output>
          </reporter-output>
        </test-method> <!-- tearDown -->
      </class> <!-- LoginTest -->
    </test> <!-- Default test -->
  </suite> <!-- Default suite -->
</testng-results>
